<?xml version="1.0" encoding="UTF-8"?>
<testsuite name="LibraryTest" tests="1" skipped="0" failures="0" errors="0" timestamp="2015-11-03T10:18:51" hostname="Ameyas-MacBook-Pro.local" time="0.034">
  <properties/>
  <testcase name="someLibraryMethod returns true" classname="LibraryTest" time="0.034"/>
  <system-out><![CDATA[]]></system-out>
  <system-err><![CDATA[]]></system-err>
</testsuite>
